Exporting package to 'C:\Users\Humberto\Documents\GitHub\Federacao\Humberto\SISGAI.xml'
Retrieving data for export: diagram elements
Retrieving data for export: links
Retrieving data for export: constraints
Retrieving data for export: attribute tagged values
Retrieving data for export: operation tagged values
Retrieving data for export: operation parameter tagged values
Retrieving data for export: connector tagged values
Completed data retrieval
Pre-processing export tree...
Completed pre-processing
Processing package: SISGAI
Processing package: Diagramas de clases
Processing package: Diagrama de Classe
Diagram: Diagrama de Classe
Element:0: Administrador
Element:1: Aluno
Element:2: Conteudo
Element:3: Coordenador
Element:4: DetalheNotas
Element:5: Endereco
Element:6: EventoGraduação
Element:7: Federado
Element:8: Filial
Element:9: Fornecedor
Element:10: Graduação
Element:11: Instrutor
Element:12: Item
Element:13: Modalidade
Element:14: Notificação
Element:15: Pedido
Element:16: Prontuario
Element:17: Usuário
Processing package: Diagrama de classe de design
Diagram: Diagrama de classe de design
Element:18: ControllerFilial
Element:19: DAOFilial
Element:20: Filial
Element:21: Formulario
Element:22: TelaFilial
Processing package: Package1
Diagram: Package1
Element:23: Cliente
Processing package: Alunos
Diagram: Alunos
Element:24: 
Processing package: Analise do sistema
Diagram: Analise do sistema
Processing package: Requisitos do sistema
Diagram: Requisitos do sistema
Element:25: R0001 - O sistema DEVE permitir ao Administrador verificar o histórico de Notas dos Federados pertencentes a Federação.
Element:26: R0002 - O sistema DEVE permitir ao Administrador verificar o histórico de Graduação dos Federados pertencentes a Federação.
Element:27: R0003 - O sistema DEVE permitir ao Administrador verificar os dados pessoais dos Federados pertencentes a Federação.
Element:28: R0004 - O sistema DEVE enviar um e-mail automático aos aniversariantes dos dias com uma mala direta parabenizando os Federados com uma mensagem.
Element:29: R0005 - O sistema DEVE permitir ao Administrador um controle sobre os banco de dados da Federação, podendo alterar, incluir e excluir todas as informações contidas nele.
Element:30: R0006 - O sistema DEVE permitir ao Administrador gerar gráficos comparativos entre duas ou mais Graduações diferentes, com a quantidade de participantes e a quantidade de participantes por faixa.
Element:31: R0007 - O sistema DEVE permitir ao Administrador gerar chaves para as competições organizadas pela federação, tendo como base a quantidade de participantes e a relação dos mesmos separados em categorias.
Element:32: R0008 - O sistema DEVE permitir ao Aluno consultar histórico pessoal de notas.
Element:33: R0009 - O sistema DEVE conter em usa interface, na parte superior, um desenho representando a graduação atual do usuário dentro de sua modalidade.
Element:34: R0010 - O sistema DEVE permitir ao Aluno acesso ao cronograma de eventos a serem realizados pela Federação.
Element:35: R0011 - O sistema DEVE permitir que o Aluno consulte seu histórico de atividades realizadas na federação.
Element:36: R0012 - O sistema DEVE permitir aos Instrutores acesso a inofrmações cadastrais de seus Alunos.
Element:37: R0013 - O sistema DEVE permitir aos instrutores que cadastrem novos alunos.
Element:38: R0014 - O sistema DEVE permitir aos instrutores acesso ao histórico de notas de seus Alunos.
Element:39: R0015 - O sistema DEVE permitir aos Coordenadores receber a quantidade exata de faixas necessarias para que a Federação possa realizar uma graduação de faixa.
Element:40: R0016 - O sistema DEVE permitir aos Coordenadores a geração de Certificados de graduação de faixa aos Alunos.
Element:41: R0017 - O sistema DEVE gerar listas de chamadas para graduações a serem realizadas pela Federação, separando os participantes por categoria (graduação).
Element:42: R0018 - O sistema DEVE gerar uma relação de participantes de cada pré-avaliações a serem realizadas nas filiais pelo Coordenador, separando os Alunos por graduação.
Element:43: R0019 - O sistema DEVE gerar ao Coordenador relação de Professores por Filial.
Element:44: R0020 - O sistema DEVE gerar ao Coordenador relação de filiais por Modalidade.
Element:45: R0021 - O sistema DEVE permitir que o Coordenador controle dados referentes a cada Filial de sua modalidade.
Element:46: R0022 - O sistema DEVE permitir ao Coordenador controle sobre as atividades realizadas de sua modalidade.
Element:47: R0023 - O sistema DEVE permitir ao Instrutor controle sobre situação dos Alunos nas Filiais que atua, classificando-os entre ativo e inativo.
Element:48: R0024 - O sistema DEVE gerar ao Administrador relação de Filiais onde a Federação atua.
Element:49: R0025 - O sistema DEVE gerar ao Administrador relação de Alunos ativos e inativos por Modalidade e por Graduação.
Element:50: R0026 - O sistema DEVE, ao termino de uma graduação de faixa, enviar e-mails aos participantes da graduação de faixa as notas recebidas por ele na avaliação.
Element:51: R0027 - O sistema DEVE, ao termino de uma graduação de faixa, enviar e-mails aos instrutores, que tiveram alunos avaliados, uma relação com as notas recebidas por seus alunos na avaliação, classificando-os por filial e por faixa.
Element:52: R0028 - O sistema DEVE gerar automaticamente um login e senha de acesso para cada federado a partir das informações inseridas no cadastro dele.
Element:53: R0029 - O sistema DEVE permitir que os usuários troquem a senha.
Element:54: R0030 - O sistema DEVE, na validação de usuário no momento de login, permitir que o usuário erre sua senha somente 3 vezes.
Element:55: R0031 - O sistema DEVE, após a matrícula de um novo aluno, enviar um e-mail informando ao aluno quais são o login e senha de acesso ao sistema.
Element:56: R0032 - O sistema DEVE invalidar automaticamente o acesso de um aluno ao sistema caso ele tenha seu status na Federação alterado para inativo.
Element:57: R0033 - O sistema DEVE enviar um e-mail ao aluno informando que ele foi considerado inativo na Federação, perdendo o acesso através de seu login e senha.
Element:58: R0034 - O sistema DEVE, assim que um aluno inativo tornar-se ativo, revalidar o login dele.
Element:59: R0035 - O sistema DEVE, assim que um aluno inativo tornar-se ativo, enviar um e-mail automático informando o aluno seu usuário de acesso e uma nova senha.
Element:60: R0036 - O sistema DEVE, armazenar e manter senhas dos federados criptografadas.
Element:61: R0037 - O sistema DEVE, enviar email a cada mês para o administrador informando quantos alunos foram matriculados na federação, separando-os por modalidade
Element:62: R0038 - O sistema DEVE enviar email a cada mês para cada coordenador informando quanto alunos foram matriculados na federação separando-os por Filial e/ou professor
Element:63: R0039 - O sistema DEVE enviar email a cada professor apos a realização da graduação com uma relação de alunos que não participaram da graduação questionando se os alunos da relação estão ativos ou inativos.
Element:64: R0040 - O sistema DEVE enviar email a cada 3 mês ao administrador informando quantos alunos tornaram-se inativos no periodo, separando-os por modalidade.
Element:65: R0041 - O sistema DEVE enviar email a cada 3 mês ao coordenador  informando quantos alunos tornaram-se inativos no periodo, separando-os por filial 
Element:66: R0042 - O sistema DEVE gerar um gráfico mostrando ao administrador quantos alunos tornaram-se inativos e quantos foram federados separando-os por modalidade a partir de um período escolhido por ele.
Element:67: R0043 - O sistema DEVE gerar um gráfico mostrando ao coordenadador quantos alunos tornaram-se inativos e quantos foram federados separando-os por filial a partir de um período escolhido por ele.
Element:68: R0044 - O sistema DEVE permitir o envio de notificação por parte do administrador para coordenador, instrutores, alunos ou a todos.

Element:69: R0045 - O sistema DEVE ter acesso ao servidor de email onde o mesmo pode visualizar as mensagens enviadas a federação de sua autoria.
Element:70: R0046 - O sistema DEVE na tela inicial de cada usuario a foto e o nome do membro da federação
Element:71: R0047 - O sistema DEVE enviar um e-mail informado data e local da realização da graduação de faixa aos participantes.
Element:72: R0048 - O sistema DEVE permitir que o usuário redefina a senha de acesso.
Element:73: R0049 - O sistema DEVE bloquear acesso ao usuario que errar a senha 3 vezes seguidas ao tentar acessar o sistema
Element:74: R0050 - O sistema DEVE permitir que o Administrador altere o status do pedido de faixas para uma graduação exceto se o status for de finalizado.
Element:75: R0051 - O sistema DEVE enviar um e-mail de boas vindas a todos os novos federados.
Element:76: R0052 - O sistema DEVE enviar um e-mail aos federados avaliados em eventos com o resultado da nota de avaliação.
Processing package: BPMN
Diagram: BPMN - Graduação de faixa preta - Filial (Caminho Feliz)
Element:77: 
Element:78: Aluno
Element:79: 
Element:80: StartEvent
Element:81: Filial
Element:82: Matricular aluno
Element:83: convite de graduação
Element:84: recebe resposta ao convite
Element:85: solicitar graduação de faixa preta
Element:86: 
Element:87: 
Element:88: 
Element:89: 
Element:90: Receber dados
Element:91: ficha de inscrição + necessidades
Element:92: matricula realizada
Element:93: receber dados para inscrição
Element:94: 
Element:95: IntermediateEvent
Element:96: Graduação
Element:97: aluno cadastrado no evento
Processing package: Modelos de negócio
Diagram: Modelos de negócio
Processing package: Ciclos de vida
Diagram: Ciclos de vida
Processing package: Aluno Faixa Colorida
Diagram: Aluno Faixa Colorida
Element:98: Confirmado para Graduacao
Element:99: Convidado para Participar da Graduação de Faixa
Element:100: Dados Completos
Element:101: Graduação Confirmada pelo Aluno
Element:102: Matriculado
Element:103: Tem Pre-Avaliacao Agendada
Element:104: 
Element:105: Aluno entrega ficha preenchida mais as exigências necessárias para a sua inscrição
Element:106: Aluno envia resposta ao professor
Element:107: Aluno informa dados pessoais ao professor
Element:108: Coordenador pré-avalia aluno e informa Federação e Alunos sobre o resultado
Element:109: Federação recebe nota de pré-avaliação
Element:110: Federação trata solicitação de graduação
Element:111: Filial solicita a participação de alunos em graduação à federação
Element:112: Professor faz convite ao aluno para participação em graduação
Processing package: Aluno Faixa Preta
Diagram: Aluno Faixa Preta
Element:113: Confirmado para Graduacao
Element:114: Convidado para Participar da Graduação de Faixa
Element:115: Dados Completos
Element:116: Matriculado
Element:117: 
Element:118: Aluno entrega ficha mais as exigências 
Element:119: Aluno entrega ficha preenchida junto com os requisitos requisitos
Element:120: Aluno envia reposta ao convite
Element:121: Aluno informa dados pessoais ao professor
Element:122: Aluno informa dados pessoais ao professor
Element:123: Filial solicita a participação de alunos em graduação de faixa Preta à federação
Element:124: Professor faz convite a aluno para participação em graduação de faixa Preta
Element:125: Solicitação Realizada à Federação
Processing package: Graduação
Diagram: Graduação
Element:126: Listado Graduação
Element:127: 
Element:128: Aluno Graduação
Element:129: Aluno informa presença ao seu professor
Element:130: Federação realiza cerimônia de Graduação de faixa e atualiza histórico dos alunos, entrgando faixa e certificado
Processing package: Graduação de faixa preta
Diagram: Graduação de faixa preta
Element:131: Listado para graduação
Element:132: Tem teste realizado
Element:133: 
Element:134: 
Element:135: Candidato realiza testes necessários
Element:136: Coordenador recepciona candidato 
Element:137: Mestre avalia candidato e informa resultado
Processing package: Graduação de faixa preta
Diagram: Graduação de faixa preta
Element:138: Listado para Graduação 
Element:139: Recebe faixa preta
Element:140: Tem teste realizado
Element:141: 
Element:142: Avaliado
Element:143: Candidato realiza testes necessários
Element:144: Coordenador recepciona candidato 
Element:145: Federação recebe faixas pretas para graduação de faixa preta
Element:146: Fornecedor entrega faixas pretas para graduação de faixa preta
Element:147: Mestre avalia candidato e informa resultado
Processing package: Graduação de faixa preta na Liga Nacional
Diagram: Graduação de faixa preta na Liga Nacional
Element:148: Avaliado
Element:149: Listado para Graduação
Element:150: Tem teste realizado
Element:151: 
Element:152: Aluno é recepcionado por seu Coordenador na Liga Nacional
Element:153: Candidato realiza testes necessários
Element:154: Credenciado na Liga Nacional
Element:155: Liga Nacional analisa resultados e informa Federação
Element:156: Liga Nacional emite certificados e credenciamentos dos candidatos e entrega para federação
Processing package: Relação de Alunos Graduados
Diagram: Relação de Alunos Graduados
Element:157: Tem Relação de Alunos Graduados Atualizados
Element:158: Tem cadastro na federação e histórico atualizado e certifica aluno de sua graduação
Element:159: 
Element:160: Coordenador envia resultados das pré-avaliações realizadas
Element:161: Federação cadastra novos alunos não federados, atualiza histórico pessoal de participantes e emite certificado de alunos 
Element:162: Fornecedor entrega faixas solicitadas
Element:163: Tem Faixa solicitada
Processing package: Relação de Alunos Participantes
Diagram: Relação de Alunos Participantes
Element:164: Recebido relação mais inscrições
Element:165: Trata alunos não federados
Element:166: 
Element:167: Faixa Solicitada
Element:168: Federação cadastra novos alunos não federados, atualiza histórico pessoal de participantes e emite certificado de alunos 
Element:169: Federação recebe relação de alunos graduados mais inscrições de novos alunos
Element:170: Federação trata solicitação de graduação
Processing package: Relaçao para Graduação de Faixa preta
Diagram: Relaçao para Graduação de Faixa preta
Element:171: Analisado Antecedentes
Element:172: Tratada solicitação para graduação
Element:173: 
Element:174: Faixa Solicitada
Element:175: Federação recebe inscrições de alunos para graduação de faixa preta
Element:176: Federação trata solicitação de graduação de faixa preta
Processing package: Modelo Conceitual
Diagram: Modelo Conceitual
Processing package: Federação Faixa Colorida
Processing package: Federação Faixa Colorida I
Diagram: Federação Faixa Colorida
Element:177: Aluno não Federado
Element:178: Alunos
Element:179: Coordenador
Element:180: Faixa Solicitada
Element:181: Federado
Element:182: Federação
Element:183: Filial
Element:184: Fornecedor
Element:185: Historico
Element:186: Modalidade
Element:187: Relacao de Alunos para Graduação
Element:188: Pedido
Processing package: Federação Faixa Colorida II
Diagram: Federação Faixa Colorida II
Element:189: Aluno
Element:190: Aluno
Element:191: Alunos não federados
Element:192: Certificado
Element:193: Faixas Entregues
Element:194: Faixas Solicitadas
Element:195: Federados
Element:196: Fornecedor
Element:197: Relação de alunos graduados
Processing package: Federação Faixa Colorida III
Diagram: Federação Faixa Colorida III
Element:198: Aluno
Element:199: Carteirinha
Element:200: Certificado
Element:201: Certificado de Faixa Preta
Element:202: Faixa
Element:203: Faixa Colorida
Element:204: Faixa Preta
Element:205: Federado
Element:206: Graduação
Element:207: Histórico
Element:208: Lista de Presença
Processing package: Federação Faixa Preta
Processing package: Federação Faixa Preta I
Diagram: Federação Faixa Preta I
Element:209: Antecedentes
Element:210: Faixas Solicitadas
Element:211: Federado
Element:212: Fornecedor
Element:213: Histórico
Element:214: Modalidade
Element:215: Relação para Graduação de faixa preta
Element:216: pedido
Processing package: Federação Faixa Preta II
Diagram: Federação Faixa Preta II
Element:217: Faixas Entregues
Element:218: Faixas Recebidas
Element:219: Graduação de Faixa Preta
Element:220: Resultado
Processing package: Filial Faixa Colorida
Diagram: Filial Faixa Colorida
Element:221: Agenda de Pré-Avaliação
Element:222: Aluno
Element:223: Ficha de Inscrição
Processing package: Filial Faixa Preta
Diagram: Filial Faixa Preta
Element:224: Aluno
Element:225: Ficha de Inscrição
Processing package: Liga Nacional Faixa Preta
Processing package: Liga Nacional Faixa Preta I
Diagram: Liga Nacional Faixa Preta I
Element:226: Graduação de Faixa Preta
Element:227: Resultado
Processing package: Liga Nacional Faixa Preta II
Diagram: Liga Nacional Faixa Preta II
Element:228: Carteirinha
Element:229: Certificado
Element:230: Graduação de Faixa Preta
Processing package: Processos de Negócio
Diagram: Processos de Negócio
Element:231: $diagram://{3C425155-98DB-4f02-BF86-464512C920A0}
Element:232: $diagram://{5F9DF58C-09DE-4080-9009-29F7AE1CE2FD}
Element:233: $diagram://{60E9BDF3-B6F4-4fa8-B665-2EA6F93CAA90}
Element:234: $diagram://{F918220D-06A2-4fd5-A2A9-5D1293FEB737}
Element:235: $diagram://{658A77CD-8E8F-4be6-97C4-0C806ED7576D}
Element:236: Processos de Negócio
Element:237: $diagram://{17D617D0-0DD1-46f4-8553-92AE019E001F}
Element:238: $diagram://{DD58BC58-B60D-4901-A832-2BA2DFC3A8C8}
Element:239: $diagram://{F96B0F95-13B4-49ee-858D-86FC84AD7529}
Element:240: $diagram://{6730EA21-6981-40fc-894D-67810ADB8339}
Processing package: graduação faixa colorida federação
Processing package: graduação faixa colorida federação parte 1
Diagram: graduação faixa colorida federação parte 1
Element:241: Alunos não federados
Element:242: Coordenador
Element:243: Coordenador
Element:244: Faixas solicitadas
Element:245: Federado
Element:246: Filial
Element:247: Fornecedor
Element:248: Fornecedor de faixas
Element:249: Histórico
Element:250: Modalidade
Element:251: Relação de alunos participantes
Element:252: Receber relação e inscrição de alunos para graduação
Element:253: Tratar solicitação de graduação
Processing package: graduação faixa colorida federação parte 2
Diagram: graduação faixa colorida federação parte 2
Element:254: Alunos não federados
Element:255: Certificado
Element:256: Coordenador
Element:257: Faixa Entregues
Element:258: Faixas solicitadas
Element:259: Federado
Element:260: Fornecedor
Element:261: Fornecedor
Element:262: Relação de alunos graduados
Element:263: Atualizar relação de alunos graduados
Element:264: Emitir certificado
Element:265: Receber faixas pretas
Processing package: graduação faixa colorida federação parte 3
Diagram: graduação faixa colorida federação parte 3
Element:266: Aluno
Element:267: Aluno
Element:268: Carterinha
Element:269: Certificado
Element:270: Certificado de faixa preta
Element:271: DataStore1
Element:272: DataStore2
Element:273: Faixas
Element:274: Federado
Element:275: Federado
Element:276: Graduação
Element:277: Histórico
Element:278: Liga Nacional
Element:279: Lista de presença
Element:280: Realizar cerimônia
Element:281: Receber certificado e carterinha
Element:282: Recepcionar alunos
Processing package: graduação faixa colorida filial
Diagram: graduação faixa colorida filial
Element:283: Aluno
Element:284: Aluno
Element:285: Aluno
Element:286: Federação
Element:287: agenda pré-avaliação
Element:288: aluno
Element:289: ficha de aluno
Element:290: 7a. avisar impedimento de aluno
Element:291: Agendar pré-avaliação
Element:292: Avisar aluno sobre a data da pré-avaliação
Element:293: Convidar aluno para graduação de faixa
Element:294: Matricular aluno
Element:295: Pré-avaliar o aluno
Element:296: Receber dados para inscrição
Element:297: Receber resposta ao convite
Element:298: Solicitar graduação de alunos
Processing package: graduação faixa preta
Processing package: graduação faixa preta federação parte 1
Diagram: graduação faixa preta federação parte 1
Element:299: Antecendentes
Element:300: Faixas solicitadas
Element:301: Federado
Element:302: Filial
Element:303: Fornecedor
Element:304: Fornecedor de faixas
Element:305: Histórico
Element:306: Modalidade
Element:307: Relação para Graduação de faixa preta
Element:308: Avaliar aptidões
Element:309: Receber relação de graduação de faixa preta
Processing package: graduação faixa preta federação parte 2
Diagram: graduação faixa preta federação parte 2
Element:310: Aluno
Element:311: Graduação de faixa preta
Element:312: Resultados
Element:313: Avaliar resultados
Element:314: Realizar testes
Element:315: Recepcionar aluno
Processing package: graduação faixa preta liga nacional parte 3
Diagram: graduação faixa preta liga nacional parte 3
Element:316: Aluno
Element:317: Federação
Element:318: Graduação de faixa preta na Liga Nacional
Element:319: Resultado
Element:320: Analisar resultados
Element:321: Realizar teses
Element:322: Recepcionar aluno
Processing package: graduação faixa preta liga nacional parte 4
Diagram: graduação faixa preta liga nacional parte 4
Element:323: Carterinha
Element:324: Certificado
Element:325: Federação
Element:326: Graduação de faixa preta
Element:327: Emitir certificado e carterinha
Processing package: graduação faixa preta filial
Diagram: graduação faixa preta filial
Element:328: Aluno
Element:329: Aluno
Element:330: Aluno Faixa Preta
Element:331: Federação
Element:332: Ficha de inscrição
Element:333: Convidar aluno para graduação
Element:334: Matricular aluno
Element:335: Receber dados para inscrição
Element:336: Receber reposta ao convite
Element:337: Solicitar graduação de faixa preta
Processing package: Regras de negócio
Diagram: Regras de negócio
Element:338: RN0001 - Data e local no convite de graduação ao aluno.

Element:339: RN0002 - Enviar dados do coordenador à filial.

Element:340: RN0003 - Separar os alunos em grupos de 8 para a realização da cerimonia e para receber a faixa.
Element:341: RN0004 - No pedido ao fornecedor, sempre é feito com a quantidade de 3 faixas à mais do que o necessário para cada tipo de faixa do pedido.
Element:342: RN0005 - Caso a nota do aluno seja uma nota acima de 9,51 na avaliação ele recebe uma dupla promoção.
Element:343: RN0006 - Caso a nota do aluno seja maior que 5,00 e menor que 6,00, o aluno recebe uma nova oportunidade de avaliação que será realizada pelo professor responsável até uma semana depois da data do exame de graduação.
Element:344: RN0007 - Caso a nota do aluno seja menor que 5,00 ele é reprovado tecnicamente.
Element:345: RN0008 - Solicitação de faixa é realizada antes da pré-avaliação
Element:346: RN0009 - A cerimônia de entrega de faixa preta é somente um juramento junto com a entrega da faixa nova.
Element:347: RN0010 - Para graduação de faixa preta a carência de tempo é de 6 meses do último exame de graduação.
Element:348: RN0011 - São realizados 4 eventos de graduação de faixa colorida por ano, com intervalo de 3 meses entre elas.
Element:349: RN0012 - São realizados 2 eventos de graduação de faixas pretas por ano, com intervalo de 6 meses entre elas.
Element:350: RN0013 - Quando é enviado o pedido de graduação de faixa preta, um dos requisitos é o envio do atestado de antecedentes criminais (candidatos maiores de idade).
Element:351: RN0014 - Para poder trocar de dan, o candidato deve esperar, em anos, o número do dan atual dele.
Element:352: RN0015 - Na cerimonia de faixa preta, também é entregue ao participante carterinha e certificados emitidos pela Liga Nacional.
Element:353: RN0016 - Novos alunos tornam-se federeados somente após a realização da pré-avaliação.
Element:354: RN0017 - Para cada dan de faixa preta é necessário uma carga horária de atividades pré-estabelicidas pela federação, para saber a carga multiplica-se o próximo dan do candidato por 100 horas.
Element:355: RN0018 - Um dos requisitos para a graduação de faixa preta é a elaboração e entreaga de uma dissertação.
Element:356: RN0019 - Os alunos podem ser inscritos em graduações de faixa até uma semana antes da realização da graduação.
Element:357: RN0020 - Na cerimônia os alunos federados faixa colorida realizam apenas o movimento de sua faixa de graduação atual.
Element:358: RN0021 - Alunos que não entregarem os requisitos necessários para graduação até o prazo estipulado por seu professor não poderão participar da graduação tendo sua inscrição cancelada.
Element:359: RN0022 - Apesar das ceimônias de faixa colorida e de faixa preta poderem ser realizadas no mesmo dia e local, elas ocorrem uma após a outra com um intervalo de 15 minutos entre elas.
Element:360: RN0023 - As faixas pretas são pedidas de maneira personalizada, sendo que ela vem personalizda com a quantidade de Dan do participante além de vir com o nome dele bordado na faixa.
Element:361: RN0024 - Somente o administrador, Instrutores e coordenadores tem acesso a listagem de Filiais


Processing package: Projeto do Sistema
Diagram: Projeto do Sistema
Processing package: Arquitetura do sistema
Diagram: Arquitetura do sistema
Element:362: Sistema Gerenciador de Atividades Internas
Element:363: manuntenção de dados cadastrados
Element:364: Subsistema Controlador de Acesso
Element:365: acesso ao sistema
Element:366: acesso ao sistema
Element:367: acesso ao sistema
Element:368: acesso ao sistema
Element:369: Subsistema Gerenciador de Atividade por Filial
Element:370: analise de dados de filial e de alunos
Element:371: manuntenção de dados pessoais e de situação
Element:372: Subsistema Gerenciador de Modalidade
Element:373: analise de dados da modalidade
Element:374: manuntenção de dados da modalidade
Element:375: Subsistema de Administração
Element:376: manuntenção de dados cadastrados
Element:377: Subsistema de Gestão de E-mails
Element:378: geração de e-mails
Processing package: Atores
Diagram: Atores
Element:379: Administrador
Element:380: Aluno
Element:381: Coordenador
Element:382: Instrutor
Element:383: Mestre
Element:384: Professor
Element:385: Servidor de E-mail
Processing package: Análise do Problema
Diagram: cinco passos
Processing package: causas raizes do problema
Element:386: causas raízes do problema
Processing package: declaração do problema
Diagram: declaração do problema - federação
Diagram: declaração do problema - mestre
Diagram: declaração do problema - professor
Diagram: declaração do problema - aluno
Element:387: declaração do problema - alunos
Element:388: declaração do problema - coordenador
Element:389: declaração do problema - federação
Element:390: declaração do problema - instrutor
Element:391: 
Element:392: 
Element:393: 
Element:394: 
Processing package: fronteira sistemica
Diagram: fronteira sistemica
Element:395: Administrador
Element:396: Aluno
Element:397: Coordenador
Element:398: Instrutor
Element:399: Mestre
Element:400: Professor
Element:401: Servidor de E-mail
Element:402: Sistema gerenciador de atividades internas
Element:403: Fronteira sistemica
Processing package: restrições
Element:404: restrições
Processing package: stakeholders
Element:405: stakeholders
Processing package: Analise do Software
Diagram: Analise do Software
Processing package: Subsistema Controlador de Acesso
Diagram: Subsistema Controlador de Acesso
Processing package: Casos de Uso
Diagram: Casos de Uso - Subsistema Controlador de Acesso
Element:406: Instrutor
Element:407: Usuário
Element:408: gerar acesso ao novo aluno matriculado
Element:409: invalidar acesso ao sistema de usuários inativos
Element:410: mudar senha de acesso ao sistema
Processing package: Dicionário de Dados
Diagram: Dicionário de Dados
Processing package: Mensagens
Diagram: Mensagens
Element:411: MSG0001 - Você não tem permissão para acessar essa pagina.
Element:412: MSG0002 - Login ou senha inválido(s).
Element:413: MSG0003 - Você errou 3 vezes sua senha temporariamente ela está bloqueada.
Element:414: MSG0004  - Você errou sua senha X vezes.
Element:415: MSG0005 - O sistema está fora do ar.
Element:416: MSG0006 - A senha está errada.
Element:417: MSG0007 - Formato de senha invalido.
Element:418: MSG0008 - A senha não pode ser iqual a anterior
Element:419: MSG0009 - Senha Alterada com sucesso.
Processing package: Realização dos Casos de Uso
Diagram: Realização dos Casos de Uso
Processing package: mudar senha de acesso ao sistema
Diagram: mudar senha de acesso ao sistema
Processing package: Requisitos de Software
Diagram: Requisitos de Software
Processing package: Storyboard
Processing package: Alterar senha
Diagram: Storyboard
Element:420: Alterar Senha
Element:421: Alterar Senha
Element:422: 
Element:423: 
Element:424: 
Element:425: 
Element:426: Nova Senha
Element:427: Repita a nova senha
Element:428: Senha Anterior
Element:429: confirmar
Element:430: Alterar Senha
Element:431: 
Element:432: 
Element:433: Login
Element:434: Login de acesso
Element:435: Entrar
Element:436: Senha
Element:437: senha
Element:438: senha Antiga
Element:439: Menu
Element:440: Alterar Senha
Processing package: Subsistema de Administração
Diagram: Subsistema de Administração
Processing package: Casos de Uso
Diagram: Casos de Uso - Subsistema de Administração
Element:441: enviar notificações via e-mail
Element:442: gerar relatório comarativo entre novos alunos e alunos inativos
Element:443: gerar relatório comparativo entre duas graduações realizadas
Element:444: gerar relatório de alunos
Element:445: gerar relatório de instrutores
Element:446: gerar relatório de modalidade
Element:447: manter dados cadastrais de federados
Element:448: manter dados de filiais
Element:449: manter mensagem de mala direta para aniversariantes
Element:450: manter pedidos de compra de faixas para graduação de faixa
Element:451: verificar histórico de federado
Processing package: Dicionario de Dados
Diagram: Dicionario de Dados
Element:452: DD301 - Verificar histórico de federado
Element:453: DD302 - Manter pedidos de compra de faixas para graduação de faixa
Element:454: DD303 - Manter dados cadastrais de federados
Element:455: DD304 - Manter dados de filiais
Element:456: DD305 - Enviar notificações via e-mail
Element:457: DD306 - Manter mensagem de mala direta para aniversariantes
Processing package: Mensagens
Diagram: Mensagens
Element:458: MSG3001 - Limpando consulta realizada, preparando para nova consulta.
Element:459: MSG3002 - Selecione o instrutor para prosseguir com a pesquisa.
Element:460: MSG3003 - Selecione a filial do instrutor para continuar com a pesquisa.
Element:461: MSG3004 - Selecione um(a) aluno(a) da filial escolhida para que as informações referentes a ele(a) apareçam.
Element:462: MSG3005 - Preparando impressão, após o processo será direcionado à tela inicial.
Element:463: MSG3006 - Dados recebidos e gravados com sucesso. Direcionado para página inicial administrativa.
Element:464: MSG3007 - Dados obrigatórios faltando. Por favor, forneça tais informações.
Element:465: MSG3008 - Alteração de dados do federado realizada com sucesso. Direcionado para a página inicial administrativa.
Element:466: MSG3009 - A ação não pode ser realizada no pedido finalizado via sistema.
Element:467: MSG3010 - Informações obrigatórias do pedido faltando. Por favor, forneça tais informações.
Element:468: MSG3011 - Alteração de informações do pedido realizadas e salvas. Direcionando para página inicial administrativa.
Element:469: MSG3012 - Alteração de status do pedido realizado e salvo. Direcionando para página inicial administrativa.
Element:470: MSG3013 - Selecione uma filial para visualizar as informações referentes a ela.
Element:471: MSG3014 - Alteração de dados da filial realizada com sucesso. Direcionando para a página inicial administrativa.
Element:472: MSG3015 - Necessário que escolha os destinatários da notificação.
Element:473: MSG3016 - Forneça a mensagem a ser enviada pela notificação.
Element:474: MSG3017 - Mensagem de mala-direta à aniversariantes alterada com sucesso. Direcionadno para página inicial administrativa.
Element:475: MSG3018 - Escolha uma situação para prosseguir com a pesquisa.
Element:476: MSG3019 - Servidor de e-mail fora do ar. Não foi possível enviar notificação por e-mail.
Processing package: Realização dos Casos de Uso
Diagram: Realização dos Casos de Uso
Processing package: enviar notificações via e-mail
Diagram: enviar notificações via e-mail
Element:477: enviar notificações via e-mail
Element:478: $diagram://{3C339416-5521-4f17-A48D-17CEE2F250D8}
Processing package: manter dados cadastrais de federados
Diagram: manter dados cadastrais de federados
Element:479: manter dados cadastrais de federados
Element:480: $diagram://{C061DBE3-B6FE-41c0-B31E-48B020E39CCB}
Processing package: manter dados de filiais
Diagram: manter dados de filiais
Element:481: manter dados de filiais
Element:482: $diagram://{964C2F1D-D471-4074-94B9-A92F0F2AE87F}
Processing package: manter mensagem de mala direta para aniversariantes
Diagram: manter mensagem de mala direta para aniversariantes
Element:483: manter mensagem de mala direta para aniversariantes
Element:484: $diagram://{115A94E6-F84A-4438-9C64-4EBEF5A6E813}
Processing package: manter pedidos de compra de faixas para graduação de faixa
Diagram: manter pedidos de compra de faixas para graduação de faixa
Element:485: manter pedidos de compra de faixas para graduação de faixa
Element:486: $diagram://{F36CD057-3806-420a-8E2D-EAA713613B95}
Processing package: verificar histórico de federado
Diagram: verificar histórico de federado
Element:487: verificar histórico de federado
Element:488: $diagram://{746A8955-B32D-4a0d-AF50-B31BBB5AE32F}
Processing package: Requisitos de Software
Diagram: Requisitos de Software
Element:489: SRS3001 - O Sistema DEVE permitir que o administrador escolha a quem é direcionada a notificação a ser enviada: coordenador, instrutores, alunos, ou a todos eles.
Element:490: SRS3002 - O Sistema DEVE permitir ao administrador possa manter os dados de qualquer federado registrado na federação.
Element:491: SRS3003 - O Sistema DEVE informar qual é a função do federado na federação (aluno, instrutor, coordenador) quando os dados dele for alterado.
Element:492: SRS3004 - O Sistema DEVE permitir que o administrador controle o conteúdo da mala-direta à aniversariantes.
Element:493: SRS3005 - O Sistema não DEVE permitir que o pedido de compra de faixa fechado tenha seu status alterado.
Element:494: SRS3006 - O Sistema DEVE permitir que as informações referentes ao histórico do federado possa ser impresso.
Element:495: SRS3007 - O Sistema DEVE permitir que as informações referentes aos dados cadastrais do federado possa ser impresso.
Element:496: SRS3008 - O Sistema DEVE permitir que as inofrmações referentes aos dados da filial possa ser impresso.
Element:497: SRS3009 - O Sistema DEVE permitir que as informações referentes a pedido de compra de faixa possa ser impresso.
Processing package: Storyboard
Diagram: Storyboard
Processing package: enviar notificações via e-mail
Diagram: enviar notificações via e-mail
Element:498: Envio de notificação em nome da federação
Element:499: Aluno
Element:500: Cancelar
Element:501: Destinatários
Element:502: Coordenador
Element:503: Todos
Element:504: Enviar
Element:505: Instrutores
Element:506: Notificação a ser enviada
Element:507: Notificação
Processing package: manter dados cadastrais de federados
Diagram: manter dados cadastrais de federados
Element:508: Alteração de Federados
Element:509: Alteração de dados cadastrais de federado
Element:510: CEP
Element:511: CEP
Element:512: Cidade
Element:513: Cidade
Element:514: Complemento
Element:515: Complemento
Element:516: E-mail
Element:517: E-mail
Element:518: Escolaridade
Element:519: Escolaridade
Element:520: Filiação Materna
Element:521: Filiação Materna
Element:522: Graduação
Element:523: Graduação Atual
Element:524: Logradouro
Element:525: Logradouro
Element:526: Nome
Element:527: Nome
Element:528: Telefone
Element:529: Telefone
Element:530: Bairro
Element:531: Bairro
Element:532: Cancelar processo
Element:533: Celular
Element:534: Celular
Element:535: Data de nascimento
Element:536: Data de nascimento
Element:537: Filial
Element:538: Filial
Element:539: Filiação Paterna
Element:540: Filiação Paterna
Element:541: Nacionalidade
Element:542: Nacionalidade
Element:543: Número
Element:544: Número
Element:545: Profissão
Element:546: Profissão
Element:547: Salvar alterações
Element:548: Situação
Element:549: Status
Element:550: UF
Element:551: UF
Element:552: Upload de imagem de perfil
Element:553: Inclusão de Federados
Element:554: Cancelar processo
Element:555: Inclusão de dados cadastrais de novo federado
Element:556: Bairro
Element:557: Bairro
Element:558: CEP
Element:559: CEP
Element:560: Celular
Element:561: Celular
Element:562: Cidade
Element:563: Cidade
Element:564: Complemento
Element:565: Complemento
Element:566: Data de nascimento
Element:567: Data de nascimento
Element:568: E-mail
Element:569: E-mail
Element:570: Escolaridade
Element:571: Escolaridade
Element:572: Filial
Element:573: Filial
Element:574: Filiação Materna
Element:575: Filiação Materna
Element:576: Filiação Paterna
Element:577: Filiação Paterna
Element:578: Graduação
Element:579: Graduação Atual
Element:580: Logradouro
Element:581: Logradouro
Element:582: Nacionalidade
Element:583: Nacionalidade
Element:584: Nome
Element:585: Nome
Element:586: Número
Element:587: Número
Element:588: Profissão
Element:589: Profissão
Element:590: Telefone
Element:591: Telefone
Element:592: UF
Element:593: UF
Element:594: Salvar dados
Element:595: Upload de imagem de perfil
Element:596: Manutenção de Federados
Element:597: Alterar informações
Element:598: Dados Cadastrais do Federado
Element:599: Celular
Element:600: Data de nascimento
Element:601: Graduação atual
Element:602: Nacionalidade
Element:603: Nome
Element:604: Telefone
Element:605: E-mail
Element:606: Filial
Element:607: Imprimir informações
Element:608: Incluir novo federado
Element:609: Instrutor
Element:610: Instrutor
Element:611: Pesquisa por federado
Element:612: Federado
Element:613: Federado
Element:614: Filial
Element:615: Filial
Element:616: Situação
Element:617: Situação
Element:618: Profissão
Processing package: manter dados de filiais
Diagram: manter dados de filiais
Element:619: Alteração de dados de filiais
Element:620: Alteração de dados de filial
Element:621: Bairro
Element:622: Bairro
Element:623: CEP
Element:624: CEP
Element:625: CNPJ
Element:626: CNPJ
Element:627: Celular
Element:628: Celular
Element:629: Cidade
Element:630: Cidade
Element:631: Complemento
Element:632: Complemento
Element:633: E-mail
Element:634: FAX
Element:635: FAX
Element:636: Filial
Element:637: Instrutor
Element:638: Instrutor responsável
Element:639: Logradouro
Element:640: Logradouro
Element:641: Nome da filial
Element:642: Número
Element:643: Número
Element:644: Representante
Element:645: Representante
Element:646: Site
Element:647: Telefone
Element:648: Telefone
Element:649: UF
Element:650: UF
Element:651: e-mail
Element:652: site
Element:653: Cancelar Processo
Element:654: Salvar alterações
Element:655: Inclusão de nova filial
Element:656: Cancelar Processo
Element:657: Inclusão de nova filial
Element:658: Bairro
Element:659: Bairro
Element:660: CEP
Element:661: CEP
Element:662: CNPJ
Element:663: CNPJ
Element:664: Celular
Element:665: Celular
Element:666: Cidade
Element:667: Cidade
Element:668: Complemento
Element:669: Complemento
Element:670: E-mail
Element:671: FAX
Element:672: FAX
Element:673: Filial
Element:674: Instrutor
Element:675: Instrutor responsável
Element:676: Logradouro
Element:677: Logradouro
Element:678: Nome da filial
Element:679: Número
Element:680: Número
Element:681: Representante
Element:682: Representante
Element:683: Site
Element:684: Telefone
Element:685: Telefone
Element:686: UF
Element:687: UF
Element:688: e-mail
Element:689: site
Element:690: Salvar informações
Element:691: Manutenção de dados de filiais
Element:692: Alterar informações
Element:693: Dados cadastrais da filial
Element:694: Bairro
Element:695: Cidade
Element:696: E-mail
Element:697: Fax
Element:698: Filial
Element:699: Instrutor
Element:700: Logradouro
Element:701: Número
Element:702: Representante
Element:703: Site
Element:704: Telefone
Element:705: UF
Element:706: Imprimir informações
Element:707: Incluir nova filial
Element:708: Pesquisa por filial
Element:709: Filiais
Element:710: Filiais
Processing package: manter mensagem de mala direta para aniversariantes
Diagram: manter mensagem de mala direta para aniversariantes
Element:711: Alteração de mala-direta à aniversariantes
Element:712: Alteração de mala-direta
Element:713: Mala direta
Element:714: Cancelar alteração
Element:715: Salvar alteração
Element:716: Manutenção de mala-direta à aniversariantes
Element:717: Alterar mensagem
Element:718: Mensagem atual de mala-direta
Element:719: Mala-direta
Element:720: Voltar
Processing package: manter pedidos de compra de faixas para graduação de faixa
Diagram: manter pedidos de compra de faixas para graduação de faixa
Element:721: Alteração de dados
Element:722: Cancelar alteração
Element:723: Cor
Element:724: Cor
Element:725: Cor
Element:726: Informações referentes ao pedido
Element:727: Pedido
Element:728: Quantidade
Element:729: Quantidade
Element:730: Quantidade
Element:731: Responsável
Element:732: Respónsavel
Element:733: Salvar alteração
Element:734: Situação
Element:735: Status
Element:736: Tamanho
Element:737: Tamanho
Element:738: Tamanho
Element:739: Informações do pedido
Element:740: Alterar dados
Element:741: Imprimir informações
Element:742: Informações referentes ao pedido escolhido
Element:743: Voltar
Element:744: Lista pedidos de compra de faixas
Element:745: Lista de pedidos realizados
Processing package: verificar histórico de federado
Diagram: verificar histórico de federado
Element:746: Verificação de histórico de federado
Element:747: Histórico do federado
Element:748: Histórico do federado
Element:749: Imprimir histórico
Element:750: Pesquisa por federado
Element:751: Federado
Element:752: Federados
Element:753: Filial
Element:754: Filial
Element:755: Instrutor
Element:756: Instrutores
Element:757: Situação
Element:758: Situação
Element:759: Realizar nova consulta
Processing package: Subsistema de Gestão de E-mails
Diagram: Subsistema de Gestão de E-mails
Processing package: Casos de Uso
Diagram: Casos de Uso - Subsistema de Gestão de E-mails
Element:760: enviar e-mail de boas vindas aos alunos matriculados
Element:761: enviar mala direta no dia de aniversário dos federados
Element:762: enviar notas de graduação aos instrutores que tiveram alunos avaliados
Element:763: enviar notas de graduação aos participantes
Element:764: enviar notificação a aluno que teve situação alterada
Element:765: enviar notificações
Element:766: enviar, ao administrador, relatório de alunos que tornaram-se inativos nos últimos 3 meses, separando-os por modalidade
Element:767: enviar, ao coordenador, relatório de alunos que tornaram-se inativos nos últimos 3 meses, separando-os por filial
Element:768: enviar, aos instrutores, relação de alunos que não participaram da graduação questionando a situação deles
Processing package: Dicionário de Dados
Processing package: Mensagens
Diagram: Mensagens
Element:769: MSG4001 - 
Processing package: Realização dos Casos de Uso
Diagram: Realização dos Casos de Uso
Processing package: Requisitos deSoftware
Diagram: Requisitos deSoftware
Processing package: Storyboard
Diagram: Storyboard
Processing package: Subsistema Gerenciador de Atividades por Filial
Diagram: Subsistema Gerenciador de Atividades
Processing package: Casos de Uso
Diagram: Casos de Uso - Subsistema Gerenciador de Atividades
Element:770: cadastrar novos alunos
Element:771: consultar cronograma de eventos da federação
Element:772: consultar histórico de notas
Element:773: manter dados de filiais
Element:774: manter dados pessoais dos alunos
Element:775: solicitar participação de aluno em graduação
Element:776: verificar histórico de atividades realizadas
Element:777: verificar notificações enviadas 
Processing package: Dicionário de Dados
Diagram: Dicionário de Dados
Element:778: DD001 - Matricular novo aluno
Element:779: DD02 - Editar Ficha de Inscrição na Federação Paulista de Artes Marciais Interestilos
Element:780: DD03 - Solicitação de Graduação de Faixa
Element:781: Storyboard Geral
Processing package: Mensagens
Diagram: Mensagens
Element:782: MSG1002 - Por favor, forneça o sobrenome do aluno.
Element:783: MSG1003 - Por favor, forneça o nome da mãe do aluno.
Element:784: MSG1004 - Por favor, forneça o sobrenome da mãe do aluno.
Element:785: MSG1005 - Por favor, forneça a data de nascimento do aluno.
Element:786: MSG1006 - Por favor, forneça seleciona a filial que o aluno atuará.
Element:787: MSG1007 - Por favor, forneça telefone para contato com o aluno.
Element:788: MSG1008 - Por favor, forneça a graduação atual do aluno.
Element:789: MSG1009 - Por favor, forneça um e-mail para contato com aluno.
Element:790: MSG1010 - Por favor, forneça um e-mail valido no formato "email@dominio.com" ou "email@dominio.com.br".
Element:791: MSG1011 - Por favor, forneça escolha a escolaridade do aluno.
Element:792: MSG1012 - Matricula realizada com sucesso. Redirecionando a tela inicial.
Element:793: MSG1013 - Matrícula cancelada, redirecionando para tela inicial.
Element:794: MSG1014 - Fora do período de inscrição para graduação.
Element:795: MSG1015 - Solicitação preparada, verifique os alunos selecionados. Se a relação estiver OK, clique em Enviar. Se precisar mudar a relação clique em Voltar.
Element:796: MSG1016 - Solicitação salva. Retorne para a tela de solicitação para enviar a solicitação.
Element:797: MSG1017 - Solicitação não enviada. Redirecionando para tela de solicitação.
Element:798: MSG1018 - Solicitação enviada. Redirecionando para a tela inicial.
Element:799: MSG1019 - Alteração de dados cancelada. Redirecionando para a tela inicial.
Element:800: MSG1020 - Alteração de dados do aluno confirmada. Redirecionando para tela inicial.
Processing package: Realização dos Casos de Uso
Diagram: Realização dos Casos de Uso
Processing package: Cadastrar novo aluno
Diagram: Cadastrar novo aluno
Element:801: cadastrar novos alunos
Element:802: $diagram://{C8E676F3-329C-4133-8D7A-B6B81CDDE1CA}
Element:803: $diagram://{CEFE3092-8F6D-4c9e-848D-4D83FD241DC0}
Processing package: manter dados pessoais dos alunos
Diagram: manter dados pessoais dos alunos
Element:804: manter dados pessoais dos alunos
Element:805: $diagram://{D2BF1612-C94D-4d59-9AA3-8A0447DDFA72}
Processing package: solicitar participação de aluno em graduação
Diagram: solicitar participação de aluno em graduação
Element:806: solicitar participação de aluno em graduação
Element:807: $diagram://{0F5DA617-6505-4843-BC0F-4747D137CEED}
Processing package: Requisitos de Software
Diagram: Requisitos de Software
Element:808: SRS1001 - O Sistema DEVE permitir que o Instrutor matricule alunos a qualquer momento.

Element:809: SRS1002 - O Sistema DEVE permitir inscrições em graduações apenas quando houver uma graduação em aberto.
Element:810: SRS1003 - O Sistema DEVE permitir inscrições em graduações até uma semana antes da data da cerimonia.
Element:811: SRS1004 - O Sistema DEVE, no cadastro e manutenção de dados do aluno, informar quais são os campos obrigatórios.
Processing package: Storyboard
Diagram: Storyboard
Processing package: Área de Manutenção de Dados do Aluno
Diagram: Área de Manutenção de Dados do Aluno
Element:812: Área de Manutenção de Dados do Aluno
Element:813: Filial
Element:814: Incluir Aluno
Element:815: Logoff
Element:816: Relação de Alunos
Element:817: Editar
Element:818: Relação de alunos
Processing package: Área Principal do Instrutor
Diagram: Área Principal do Instrutor
Element:819: Área Principal do Instrutor
Element:820: Menu de Acesso
Element:821: Solicitar Graduação de Faixa Para Aluno
Element:822: Área Manutenção de Dados do Aluno
Element:823: Nome do Instrutor
Element:824: Notícias
Element:825: Notícias da Federação
Element:826: Notícias da Federação
Element:827: Notícias do Coordenador
Element:828: Notícias do Coordenação
Element:829: UI Control
Element:830: Faixa do Federado
Element:831: Foto
Processing package: Editar Ficha de Inscrição na Federação Paulista de Artes Marciais Interestilos
Diagram: Editar Ficha de inscrição na Federação Paulista de Artes Marciais - Interestilos
Element:832: Editar Ficha de inscrição na Federação Paulista de Artes Marciais - Interestilos
Element:833: Academia
Element:834: Academia
Element:835: Academia
Element:836: Academia
Element:837: Bairro
Element:838: CEP
Element:839: Cancelar
Element:840: Celular
Element:841: Cidade/UF
Element:842: Data de Nascimento
Element:843: Endereço
Element:844: Escolaridade
Element:845: Estado
Element:846: Faixa Atual
Element:847: Fax
Element:848: Filial
Element:849: Filiação - Pai e Mãe
Element:850: Hapkido
Element:851: Kapap krav maga
Element:852: MMA
Element:853: Modalidade
Element:854: Capoeira
Element:855: Judô
Element:856: Nacionalidade
Element:857: Nome
Element:858: Nome da Mãe
Element:859: Nome do Pai
Element:860: Profissão
Element:861: RG
Element:862: Salvar
Element:863: Sobrenome
Element:864: Sobrenome da Mãe
Element:865: Sobrenome do Pai
Element:866: Status
Element:867: Ativo
Element:868: Inativo
Element:869: Takewondo
Element:870: Telefone
Element:871: Telefone Comercial
Element:872: Tempo de Prática
Element:873: e-mail
Processing package: Filiação de nova filial
Diagram: Ficha de inscrição da Filiação na Federação Paulista de Artes Marciais Interestilos
Element:874: Ficha de inscrição da Filiação na Federação Paulista de Artes Marciais Interestilos
Element:875: Academia/Associação
Element:876: Bairro
Element:877: CEP
Element:878: Cancelar
Element:879: Celular
Element:880: Cidade
Element:881: Continuar >>
Element:882: Endereço da Entidade
Element:883: Estado/UF
Element:884: Fax
Element:885: Instrutor Representante
Element:886: Nº de Reg
Element:887: Site
Element:888: Telefone
Element:889: e-mail
Element:890: Termos de Compromisso
Element:891: 
Element:892: Deseja imprimir os termo de compromisso?
Element:893: Fechar
Element:894: Imprimir
Element:895: Termos de Compromisso 
Element:896: Cancelar
Element:897: Continuar>>
Element:898: Termo de Compromisso
Element:899: Academia/Associação
Element:900: Afirmo estar ciente de que o meio de comunicação oficial da FEPAMI é via internet e correio eletrônico.
Element:901: Concordo com o termo acima
Element:902: Eu
Element:903: Instrutor Representante
Element:904: responsável pela Academia/Associação
Element:905: solicito o nosso registro e filiação junto à Federação Paulista de Artes Marciais Interestilos, comprometendo-me a respeitar o estatuto, todos os regulamentos e resoluções assim como os exames de graduação, campeonatos, sendo que em caso de qualquer 
Element:906: violação estarei assumindo todos os atos, inclusive a punição prevista pelo estatuto.
Element:907: 
Processing package: Formulário de Requerimento de Preta
Diagram: Formulário de Requerimento de Preta
Element:908: Formulário de requerimento de Preta
Element:909: Federação Paulista de Artes Marciais
Element:910: Formulário de Requerimento de Preta
Element:911: Anexo
Element:912:         Anexar um currículo com as experiências na modalidade (ano de início / título / trabalhos / data de graduação)
Element:913: Dados de Aluno
Element:914:   Bairro
Element:915:   CPF
Element:916:   Cel
Element:917:   Cep
Element:918:   Cidade
Element:919:   Data de Nascimento
Element:920:   Endereço
Element:921:   Idade
Element:922:   Nacionalidade
Element:923:   Profissão
Element:924:   RG
Element:925:   Tel Com
Element:926:   Tel Res
Element:927:   Tempo de prática
Element:928:   e-mail
Element:929: Nome
Element:930: Financeiro
Element:931:        Através desta, respeitosamente, registro a minha graduação e filiação e aceito desde já as regras que a regem, sem qualquer exceção.
Element:932: (Anexo Pagamento de R$:                    )
Element:933: Assinatura do Requerente
Element:934: Assinatura do Responsável
Element:935: Cheque
Element:936: Data
Element:937: Dinheiro
Element:938: Registro
Element:939:                           PARA FAIXA PRETA -            º DAN
Element:940:   Academia
Element:941:   Instrutor/Mestre
Element:942:   Registro FEPAMI nº
Element:943: Diploma
Element:944: Exame de Faixa Preta
Element:945: FORMULÁRIO DE REQUERIMENTO DE PRETA
Element:946: Requisitos para Diploma da FEPAMI
Element:947: - A partir do 2º Dan, anexar a cópia da graduação anterior.
Element:948: - Taxa de requerimento;
Element:949: Requisitos para Exame de Faixa preta
Element:950: - 2 fotos;
Element:951: - Comprovação da graduação anterior;
Element:952: - Uniforme limpo com emblemas costurados;
Element:953: - Atestado de Antecedente Criminal;
Element:954: - Cabelo e unhas aparados;
Element:955: - Cópia de RG ou Certidão de Nascimento.
Element:956: - Entregar o trabalho (Dissertação);
Element:957: - Saber todo o conteúdo da graduação;
Processing package: Matricular novo aluno
Diagram: Ficha de inscrição na Federação Paulista de Artes Marciais - Interestilos
Element:958: Ficha de inscrição na Federação Paulista de Artes Marciais - Interestilos
Element:959: Academia
Element:960: Academia
Element:961: Bairro
Element:962: CEP
Element:963: Cancelar
Element:964: Capoeira
Element:965: Celular
Element:966: Cidade
Element:967: Data de Nascimento
Element:968: Endereço
Element:969: Escolaridade
Element:970: Estado/UF
Element:971: Faixa Atual
Element:972: Fax
Element:973: Filial
Element:974: Filial
Element:975: Filiação - Pai e Mãe
Element:976: Judô
Element:977: Modalidade
Element:978: Hapkido
Element:979: Kapap krav maga
Element:980: MMA
Element:981: Nacionalidade
Element:982: Nome
Element:983: Nome da Mãe
Element:984: Nome do Pai
Element:985: Profissão
Element:986: RG
Element:987: Salvar
Element:988: Sobrenome
Element:989: Sobrenome da Mãe
Element:990: Sobrenome do Pai
Element:991: Takewondo
Element:992: Telefone
Element:993: Telefone Comercial
Element:994: Tempo de Prática
Element:995: e-mail
Processing package: Resultado de Exame de Faixa
Diagram: Resultado de Exame de Faixa
Element:996: Resultado de Exame de Faixa
Element:997: Escolha a Faixa
Element:998: Imprimir
Element:999: Resultado de Exame de Faixa
Element:1000: Resultados de Exame de Faixa
Element:1001: Resutado de Exame de Faixa
Element:1002: Voltar
Processing package: Solicitação de Graduação de Faixa
Diagram: Solicitação de Graduação de Faixa
Element:1003: Relação de alunos que participarão da Graduação de Faixa
Element:1004: Enviar
Element:1005: UI Control
Element:1006: Voltar
Element:1007: Solicitação de Graduação de Faixa
Element:1008: Aguardar requisitos do Aluno
Element:1009: Filial
Element:1010: Solicitar Participação
Element:1011: UI Control
Element:1012: UI Control
Element:1013: UI Control
Element:1014: UI Control
Element:1015: Selecionar
Processing package: Subsistema Gerenciador de Modalidade
Diagram: Subsistema Gerenciador de Modalidade
Processing package: Caso de uso
Diagram: Casos de Uso - Subsistema Gerenciador de Modalidade
Element:1016: emitir certificado aos participantes da graduação
Element:1017: emitir lista de presença da graduação
Element:1018: emitir prontuário de notas para pré-avaliação
Element:1019: enviar notificações aos alunos
Element:1020: enviar notificações aos instrutores
Element:1021: enviar relação de faixas necessárias para graduação
Element:1022: manter lista de filiais
Element:1023: manter relação de participantes de graduação
Element:1024: verificar notificações enviadas pela Federação
Element:1025: verificar relação de participantes de graduação
Element:1026: verificar relação de professores
Processing package: Dicionário de Dados
Diagram: Dicionário de Dados
Processing package: Mensagens
Diagram: Mensagens
Element:1027: MSG2001 - 
Processing package: Realização de Casos de Uso
Diagram: Realização de Casos de Uso
Processing package: verificar lista de filiais
Diagram: verificar lista de filiais
Processing package: Requisitos de Software
Diagram: Requisitos de Software
Processing package: Storyboard
Diagram: Storyboard
Processing package: Workshop de Caracteristicas
Diagram: Workshop de Caracteristicas
Element:1028: Definição de Baselines
Element:1029: Lista de Caracteristicas
Processing package: Sistema Gerenciador de Atividades Internas
Diagram: Sistema Gerenciador de Atividades Internas
Element:1030: $diagram://{EA74FF91-8D8C-40c4-892E-DDB59C65F148}
Element:1031: Modelos de Negocio
Element:1032: $diagram://{760090E2-1E3B-4524-9033-DAC91AC4453B}
Element:1033: $diagram://{816C2A51-EC41-4738-8E73-FBA55E731EE8}
Adding State-Tables
Sequencing Interaction Diagrams
Formatting output XML...please wait
XMI Document Export Complete!
